 WARN [2018-03-16 09:45:41,949] (ConnectionFactory.java:clearCache:217) - No cached connections
 WARN [2018-03-16 09:45:41,959] (DescribeObjectRegistry.java:clearCache:660) - No cached describes
 WARN [2018-03-16 09:45:41,960] (MetadataFactory.java:clearCache:125) - No cached metadata stubs
 WARN [2018-03-16 18:23:35,768] (ConnectionFactory.java:clearCache:217) - No cached connections
 WARN [2018-03-16 18:23:35,778] (DescribeObjectRegistry.java:clearCache:660) - No cached describes
 WARN [2018-03-16 18:23:35,779] (MetadataFactory.java:clearCache:125) - No cached metadata stubs
 WARN [2018-03-16 18:25:18,100] (ConnectionFactory.java:clearCache:217) - No cached connections
 WARN [2018-03-16 18:25:18,106] (DescribeObjectRegistry.java:clearCache:660) - No cached describes
 WARN [2018-03-16 18:25:18,107] (MetadataFactory.java:clearCache:125) - No cached metadata stubs
 WARN [2018-03-16 18:25:45,882] (ConnectionFactory.java:clearCache:217) - No cached connections
 WARN [2018-03-16 18:25:45,888] (DescribeObjectRegistry.java:clearCache:660) - No cached describes
 WARN [2018-03-16 18:25:45,889] (MetadataFactory.java:clearCache:125) - No cached metadata stubs
 WARN [2018-03-23 12:47:27,605] (ProjectAddEvaluator.java:visit:86) - Unable to add skip builder flag to added project 'P/RestoApp': Project 'RestoApp' is not open. Cause:
 (1) Project 'RestoApp' is not open.
 WARN [2018-03-23 12:47:27,612] (ProjectAddEvaluator.java:visit:101) - Unable to add skip builder flag to added project 'P/RestoApp': Project 'RestoApp' is not open. Cause:
 (1) Project 'RestoApp' is not open.
 WARN [2018-03-23 13:17:37,688] (ConnectionFactory.java:clearCache:217) - No cached connections
 WARN [2018-03-23 13:17:37,689] (DescribeObjectRegistry.java:clearCache:660) - No cached describes
 WARN [2018-03-23 13:17:37,689] (MetadataFactory.java:clearCache:125) - No cached metadata stubs
 WARN [2018-03-23 17:09:02,613] (ProjectAddEvaluator.java:visit:86) - Unable to add skip builder flag to added project 'P/RestoApp': Project 'RestoApp' is not open. Cause:
 (1) Project 'RestoApp' is not open.
 WARN [2018-03-23 17:09:02,625] (ProjectAddEvaluator.java:visit:101) - Unable to add skip builder flag to added project 'P/RestoApp': Project 'RestoApp' is not open. Cause:
 (1) Project 'RestoApp' is not open.
 WARN [2018-03-23 17:18:29,002] (ConnectionFactory.java:clearCache:217) - No cached connections
 WARN [2018-03-23 17:18:29,004] (DescribeObjectRegistry.java:clearCache:660) - No cached describes
 WARN [2018-03-23 17:18:29,005] (MetadataFactory.java:clearCache:125) - No cached metadata stubs
 WARN [2018-03-23 18:19:24,065] (ConnectionFactory.java:clearCache:217) - No cached connections
 WARN [2018-03-23 18:19:24,077] (DescribeObjectRegistry.java:clearCache:660) - No cached describes
 WARN [2018-03-23 18:19:24,078] (MetadataFactory.java:clearCache:125) - No cached metadata stubs
 WARN [2018-03-23 20:57:35,405] (ConnectionFactory.java:clearCache:217) - No cached connections
 WARN [2018-03-23 20:57:35,415] (DescribeObjectRegistry.java:clearCache:660) - No cached describes
 WARN [2018-03-23 20:57:35,416] (MetadataFactory.java:clearCache:125) - No cached metadata stubs
 WARN [2018-03-23 21:23:53,183] (ConnectionFactory.java:clearCache:217) - No cached connections
 WARN [2018-03-23 21:23:53,192] (DescribeObjectRegistry.java:clearCache:660) - No cached describes
 WARN [2018-03-23 21:23:53,193] (MetadataFactory.java:clearCache:125) - No cached metadata stubs
 WARN [2018-03-23 21:24:37,649] (ConnectionFactory.java:clearCache:217) - No cached connections
 WARN [2018-03-23 21:24:37,660] (DescribeObjectRegistry.java:clearCache:660) - No cached describes
 WARN [2018-03-23 21:24:37,661] (MetadataFactory.java:clearCache:125) - No cached metadata stubs
 WARN [2018-03-23 21:25:15,624] (ProjectAddEvaluator.java:visit:86) - Unable to add skip builder flag to added project 'P/RestoApp': Project 'RestoApp' is not open. Cause:
 (1) Project 'RestoApp' is not open.
 WARN [2018-03-23 21:25:15,631] (ProjectAddEvaluator.java:visit:101) - Unable to add skip builder flag to added project 'P/RestoApp': Project 'RestoApp' is not open. Cause:
 (1) Project 'RestoApp' is not open.
 WARN [2018-03-23 23:28:36,058] (ConnectionFactory.java:clearCache:217) - No cached connections
 WARN [2018-03-23 23:28:36,060] (DescribeObjectRegistry.java:clearCache:660) - No cached describes
 WARN [2018-03-23 23:28:36,060] (MetadataFactory.java:clearCache:125) - No cached metadata stubs
 WARN [2018-03-23 23:55:52,852] (ConnectionFactory.java:clearCache:217) - No cached connections
 WARN [2018-03-23 23:55:52,911] (DescribeObjectRegistry.java:clearCache:660) - No cached describes
 WARN [2018-03-23 23:55:52,911] (MetadataFactory.java:clearCache:125) - No cached metadata stubs
 WARN [2018-03-25 20:02:01,646] (ConnectionFactory.java:clearCache:217) - No cached connections
 WARN [2018-03-25 20:02:01,658] (DescribeObjectRegistry.java:clearCache:660) - No cached describes
 WARN [2018-03-25 20:02:01,659] (MetadataFactory.java:clearCache:125) - No cached metadata stubs
 WARN [2018-03-28 09:04:49,402] (ConnectionFactory.java:clearCache:217) - No cached connections
 WARN [2018-03-28 09:04:49,412] (DescribeObjectRegistry.java:clearCache:660) - No cached describes
 WARN [2018-03-28 09:04:49,413] (MetadataFactory.java:clearCache:125) - No cached metadata stubs
 WARN [2018-03-28 21:01:59,211] (ConnectionFactory.java:clearCache:217) - No cached connections
 WARN [2018-03-28 21:01:59,219] (DescribeObjectRegistry.java:clearCache:660) - No cached describes
 WARN [2018-03-28 21:01:59,220] (MetadataFactory.java:clearCache:125) - No cached metadata stubs
 WARN [2018-03-29 21:38:05,836] (ConnectionFactory.java:clearCache:217) - No cached connections
 WARN [2018-03-29 21:38:05,905] (DescribeObjectRegistry.java:clearCache:660) - No cached describes
 WARN [2018-03-29 21:38:05,906] (MetadataFactory.java:clearCache:125) - No cached metadata stubs
 WARN [2018-03-30 10:32:44,310] (ConnectionFactory.java:clearCache:217) - No cached connections
 WARN [2018-03-30 10:32:44,319] (DescribeObjectRegistry.java:clearCache:660) - No cached describes
 WARN [2018-03-30 10:32:44,320] (MetadataFactory.java:clearCache:125) - No cached metadata stubs
 WARN [2018-03-30 19:30:18,060] (ConnectionFactory.java:clearCache:217) - No cached connections
 WARN [2018-03-30 19:30:18,069] (DescribeObjectRegistry.java:clearCache:660) - No cached describes
 WARN [2018-03-30 19:30:18,070] (MetadataFactory.java:clearCache:125) - No cached metadata stubs
 WARN [2018-03-30 22:10:25,150] (ConnectionFactory.java:clearCache:217) - No cached connections
 WARN [2018-03-30 22:10:25,160] (DescribeObjectRegistry.java:clearCache:660) - No cached describes
 WARN [2018-03-30 22:10:25,161] (MetadataFactory.java:clearCache:125) - No cached metadata stubs
 WARN [2018-04-01 19:30:08,065] (ConnectionFactory.java:clearCache:217) - No cached connections
 WARN [2018-04-01 19:30:08,074] (DescribeObjectRegistry.java:clearCache:660) - No cached describes
 WARN [2018-04-01 19:30:08,075] (MetadataFactory.java:clearCache:125) - No cached metadata stubs
 WARN [2018-04-01 19:36:57,433] (ConnectionFactory.java:clearCache:217) - No cached connections
 WARN [2018-04-01 19:36:57,442] (DescribeObjectRegistry.java:clearCache:660) - No cached describes
 WARN [2018-04-01 19:36:57,443] (MetadataFactory.java:clearCache:125) - No cached metadata stubs
 WARN [2018-04-01 20:53:08,703] (ConnectionFactory.java:clearCache:217) - No cached connections
 WARN [2018-04-01 20:53:08,715] (DescribeObjectRegistry.java:clearCache:660) - No cached describes
 WARN [2018-04-01 20:53:08,716] (MetadataFactory.java:clearCache:125) - No cached metadata stubs
 WARN [2018-04-02 21:32:21,263] (ConnectionFactory.java:clearCache:217) - No cached connections
 WARN [2018-04-02 21:32:21,273] (DescribeObjectRegistry.java:clearCache:660) - No cached describes
 WARN [2018-04-02 21:32:21,274] (MetadataFactory.java:clearCache:125) - No cached metadata stubs
 WARN [2018-04-03 16:45:17,457] (ConnectionFactory.java:clearCache:217) - No cached connections
 WARN [2018-04-03 16:45:17,469] (DescribeObjectRegistry.java:clearCache:660) - No cached describes
 WARN [2018-04-03 16:45:17,469] (MetadataFactory.java:clearCache:125) - No cached metadata stubs
 WARN [2018-04-09 10:31:56,024] (ConnectionFactory.java:clearCache:217) - No cached connections
 WARN [2018-04-09 10:31:56,036] (DescribeObjectRegistry.java:clearCache:660) - No cached describes
 WARN [2018-04-09 10:31:56,037] (MetadataFactory.java:clearCache:125) - No cached metadata stubs
